* using log directory 'C:/Users/alexander.zizka/Dropbox (Antonelli Lab)/Arbeit/Gothenburg/projects/3_speciesgeocoder/speciesgeocodeR/speciesgeocodeR.Rcheck'
* using R Under development (unstable) (2017-11-20 r73757)
* using platform: x86_64-w64-mingw32 (64-bit)
* using session charset: ISO8859-1
* using option '--as-cran'
* checking for file 'speciesgeocodeR/DESCRIPTION' ... OK
* checking extension type ... Package
* this is package 'speciesgeocodeR' version '2.0-9'
* checking CRAN incoming feasibility ... Note_to_CRAN_maintainers
Maintainer: 'Alexander Zizka <alexander.zizka@bioenv.gu.se>'
* checking package namespace information ... OK
* checking package dependencies ... OK
* checking if this is a source package ... OK
* checking if there is a namespace ... OK
* checking for executable files ... OK
* checking for hidden files and directories ... OK
* checking for portable file names ... OK
* checking whether package 'speciesgeocodeR' can be installed ... OK
* checking installed package size ... OK
* checking package directory ... OK
* checking DESCRIPTION meta-information ... OK
* checking top-level files ... OK
* checking for left-over files ... OK
* checking index information ... OK
* checking package subdirectories ... OK
* checking R files for non-ASCII characters ... OK
* checking R files for syntax errors ... OK
* checking whether the package can be loaded ... OK
* checking whether the package can be loaded with stated dependencies ... OK
* checking whether the package can be unloaded cleanly ... OK
* checking whether the namespace can be loaded with stated dependencies ... OK
* checking whether the namespace can be unloaded cleanly ... OK
* checking loading without being on the library search path ... OK
* checking use of S3 registration ... OK
* checking dependencies in R code ... OK
* checking S3 generic/method consistency ... OK
* checking replacement functions ... OK
* checking foreign function calls ... OK
* checking R code for possible problems ... OK
* checking Rd files ... OK
* checking Rd metadata ... OK
* checking Rd line widths ... OK
* checking Rd cross-references ... OK
* checking for missing documentation entries ... OK
* checking for code/documentation mismatches ... OK
* checking Rd \usage sections ... OK
* checking Rd contents ... OK
* checking for unstated dependencies in examples ... OK
* checking contents of 'data' directory ... OK
* checking data for non-ASCII characters ... OK
* checking data for ASCII and uncompressed saves ... OK
* checking examples ... ERROR
Running examples in 'speciesgeocodeR-Ex.R' failed
The error most likely occurred in:

> base::assign(".ptime", proc.time(), pos = "CheckExEnv")
> ### Name: RangeRichness
> ### Title: Species Richness Raster from Range Polygons
> ### Aliases: RangeRichness
> ### Keywords: Range size Diversity pattern
> 
> ### ** Examples
> 
> #simulate example occurrences
> occ.exmpl<- data.frame(species = sample(letters, size = 250, replace = TRUE),
+                        decimallongitude = runif(n = 250, min = 42, max = 51),
+                        decimallatitude = runif(n = 250, min = -26, max = -11))
> 
> rang <- CalcRange(occ.exmpl, method = 'pseudospherical')
Warning in CalcRange(occ.exmpl, method = "pseudospherical") :
  Assuming lat/long wgs84 coordinates
> sprich <- RangeRichness(rang)
Error in .doXYFromCell(object@ncols, object@nrows, e@xmin, e@xmax, e@ymin,  : 
  dims [product 2] do not match the length of object [20]
Calls: RangeRichness ... SpatialPoints -> coordinates -> xyFromCell -> .doXYFromCell
Execution halted
* checking PDF version of manual ... OK
* DONE
Status: 1 ERROR
